<?xml version="1.0" encoding="UTF-8"?>
<testsuite xmlns:xsi="http://www.w3.org/2001/XMLSchema-instance" xsi:noNamespaceSchemaLocation="https://maven.apache.org/surefire/maven-surefire-plugin/xsd/surefire-test-report-3.0.xsd" version="3.0" name="com.aeroflow.AeroflowApplicationTests" time="12.253" tests="2" errors="0" skipped="0" failures="0">
  <properties>
[...]
</properties>
  <testcase name="contextLoads" classname="com.aeroflow.AeroflowApplicationTests" time="0.729">
    <system-out><![CDATA[20:23:18.233 [main] INFO org.springframework.test.context.support.AnnotationConfigContextLoaderUtils -- Could not detect default configuration classes for test class [com.aeroflow.AeroflowApplicationTests]: AeroflowApplicationTests does not declare any static, non-private, non-final, nested classes annotated with @Configuration.
20:23:18.418 [main] INFO org.springframework.boot.test.context.SpringBootTestContextBootstrapper -- Found @SpringBootConfiguration com.aeroflow.AeroflowApplication for test class com.aeroflow.AeroflowApplicationTests
  .   ____          _            __ _ _
 /\\ / ___'_ __ _ _(_)_ __  __ _ \ \ \ \
( ( )\___ | '_ | '_| | '_ \/ _` | \ \ \ \
 \\/  ___)| |_)| | | | | || (_| |  ) ) ) )
  '  |____| .__|_| |_|_| |_\__, | / / / /
 =========|_|==============|___/=/_/_/_/

 :: Spring Boot ::                (v3.3.0)

2026-06-25T20:23:19.419+05:30  INFO 13308 --- [aeroflow-backend] [           main] com.aeroflow.AeroflowApplicationTests    : Starting AeroflowApplicationTests using Java 22.0.2 with PID 13308 (started by Meena in C:\venky\Aeroflow\backend)
2026-06-25T20:23:19.422+05:30  INFO 13308 --- [aeroflow-backend] [           main] com.aeroflow.AeroflowApplicationTests    : No active profile set, falling back to 1 default profile: "default"
2026-06-25T20:23:21.059+05:30  INFO 13308 --- [aeroflow-backend] [           main] .s.d.r.c.RepositoryConfigurationDelegate : Bootstrapping Spring Data JPA repositories in DEFAULT mode.
2026-06-25T20:23:21.204+05:30  INFO 13308 --- [aeroflow-backend] [           main] .s.d.r.c.RepositoryConfigurationDelegate : Finished Spring Data repository scanning in 124 ms. Found 7 JPA repository interfaces.
2026-06-25T20:23:22.354+05:30  INFO 13308 --- [aeroflow-backend] [           main] o.hibernate.jpa.internal.util.LogHelper  : HHH000204: Processing PersistenceUnitInfo [name: default]
2026-06-25T20:23:22.533+05:30  INFO 13308 --- [aeroflow-backend] [           main] org.hibernate.Version                    : HHH000412: Hibernate ORM core version 6.5.2.Final
2026-06-25T20:23:22.634+05:30  INFO 13308 --- [aeroflow-backend] [           main] o.h.c.internal.RegionFactoryInitiator    : HHH000026: Second-level cache disabled
2026-06-25T20:23:23.372+05:30  INFO 13308 --- [aeroflow-backend] [           main] o.s.o.j.p.SpringPersistenceUnitInfo      : No LoadTimeWeaver setup: ignoring JPA class transformer
2026-06-25T20:23:23.421+05:30  INFO 13308 --- [aeroflow-backend] [           main] com.zaxxer.hikari.HikariDataSource       : HikariPool-1 - Starting...
2026-06-25T20:23:23.829+05:30  INFO 13308 --- [aeroflow-backend] [           main] com.zaxxer.hikari.pool.HikariPool        : HikariPool-1 - Added connection com.mysql.cj.jdbc.ConnectionImpl@302da330
2026-06-25T20:23:23.832+05:30  INFO 13308 --- [aeroflow-backend] [           main] com.zaxxer.hikari.HikariDataSource       : HikariPool-1 - Start completed.
2026-06-25T20:23:23.979+05:30  WARN 13308 --- [aeroflow-backend] [           main] org.hibernate.orm.deprecation            : HHH90000025: MySQLDialect does not need to be specified explicitly using 'hibernate.dialect' (remove the property setting and it will be selected by default)
2026-06-25T20:23:25.473+05:30  INFO 13308 --- [aeroflow-backend] [           main] o.h.e.t.j.p.i.JtaPlatformInitiator       : HHH000489: No JTA platform available (set 'hibernate.transaction.jta.platform' to enable JTA platform integration)
2026-06-25T20:23:25.882+05:30  INFO 13308 --- [aeroflow-backend] [           main] j.LocalContainerEntityManagerFactoryBean : Initialized JPA EntityManagerFactory for persistence unit 'default'
2026-06-25T20:23:26.783+05:30  INFO 13308 --- [aeroflow-backend] [           main] o.s.d.j.r.query.QueryEnhancerFactory     : Hibernate is in classpath; If applicable, HQL parser will be used.
2026-06-25T20:23:27.703+05:30  INFO 13308 --- [aeroflow-backend] [           main] eAuthenticationProviderManagerConfigurer : Global AuthenticationManager configured with AuthenticationProvider bean with name authenticationProvider
2026-06-25T20:23:27.706+05:30  WARN 13308 --- [aeroflow-backend] [           main] r$InitializeUserDetailsManagerConfigurer : Global AuthenticationManager configured with an AuthenticationProvider bean. UserDetailsService beans will not be used for username/password login. Consider removing the AuthenticationProvider bean. Alternatively, consider using the UserDetailsService in a manually instantiated DaoAuthenticationProvider.
2026-06-25T20:23:27.950+05:30  WARN 13308 --- [aeroflow-backend] [           main] JpaBaseConfiguration$JpaWebConfiguration : spring.jpa.open-in-view is enabled by default. Therefore, database queries may be performed during view rendering. Explicitly configure spring.jpa.open-in-view to disable this warning
2026-06-25T20:23:28.622+05:30  INFO 13308 --- [aeroflow-backend] [           main] o.s.s.web.DefaultSecurityFilterChain     : Will secure any request with [org.springframework.security.web.session.DisableEncodeUrlFilter@bf70ce5, org.springframework.security.web.context.request.async.WebAsyncManagerIntegrationFilter@331b0bfd, org.springframework.security.web.context.SecurityContextHolderFilter@4d4f6121, org.springframework.security.web.header.HeaderWriterFilter@257f1509, org.springframework.web.filter.CorsFilter@51a3e3b4, org.springframework.security.web.authentication.logout.LogoutFilter@62a9e9bf, com.aeroflow.config.JwtFilter@2ae07dbd, org.springframework.security.web.savedrequest.RequestCacheAwareFilter@6c366d3, org.springframework.security.web.servletapi.SecurityContextHolderAwareRequestFilter@102bce96, org.springframework.security.web.authentication.AnonymousAuthenticationFilter@27e0906f, org.springframework.security.web.session.SessionManagementFilter@22b8eaf0, org.springframework.security.web.access.ExceptionTranslationFilter@24484dfb, org.springframework.security.web.access.intercept.AuthorizationFilter@37c1e2a4]
2026-06-25T20:23:29.394+05:30  INFO 13308 --- [aeroflow-backend] [           main] com.aeroflow.AeroflowApplicationTests    : Started AeroflowApplicationTests in 10.696 seconds (process running for 12.493)
]]></system-out>
    <system-err><![CDATA[WARNING: A Java agent has been loaded dynamically (C:\Users\Meena\.m2\repository\net\bytebuddy\byte-buddy-agent\1.14.16\byte-buddy-agent-1.14.16.jar)
WARNING: If a serviceability tool is in use, please run with -XX:+EnableDynamicAgentLoading to hide this warning
WARNING: If a serviceability tool is not in use, please run with -Djdk.instrument.traceUsage for more information
WARNING: Dynamic loading of agents will be disallowed by default in a future release
]]></system-err>
  </testcase>
  <testcase name="servicesInitialize" classname="com.aeroflow.AeroflowApplicationTests" time="0.008"/>
</testsuite>